<?xml version="1.0" encoding="UTF-8"?>
<testsuite xmlns:xsi="http://www.w3.org/2001/XMLSchema-instance" xsi:noNamespaceSchemaLocation="https://maven.apache.org/surefire/maven-surefire-plugin/xsd/surefire-test-report.xsd" version="3.0.2" name="com.blackrock.hackathon.HackathonApplicationTests" time="10.429" tests="1" errors="0" skipped="0" failures="0">
  <properties>
[...]
</properties>
  <testcase name="contextLoads" classname="com.blackrock.hackathon.HackathonApplicationTests" time="2.864">
    <system-out><![CDATA[19:14:40.853 [main] INFO org.springframework.test.context.support.AnnotationConfigContextLoaderUtils -- Could not detect default configuration classes for test class [com.blackrock.hackathon.HackathonApplicationTests]: HackathonApplicationTests does not declare any static, non-private, non-final, nested classes annotated with @Configuration.
19:14:41.035 [main] INFO org.springframework.boot.test.context.SpringBootTestContextBootstrapper -- Found @SpringBootConfiguration com.blackrock.hackathon.HackathonApplication for test class com.blackrock.hackathon.HackathonApplicationTests

  .   ____          _            __ _ _
 /\\ / ___'_ __ _ _(_)_ __  __ _ \ \ \ \
( ( )\___ | '_ | '_| | '_ \/ _` | \ \ \ \
 \\/  ___)| |_)| | | | | || (_| |  ) ) ) )
  '  |____| .__|_| |_|_| |_\__, | / / / /
 =========|_|==============|___/=/_/_/_/

 :: Spring Boot ::               (v3.5.11)

2026-02-21T19:14:41.836+05:30  INFO 16064 --- [hackathon] [           main] c.b.hackathon.HackathonApplicationTests  : Starting HackathonApplicationTests using Java 21.0.6 with PID 16064 (started by Srikant in C:\Users\Srikant\Downloads\hackathon\hackathon)
2026-02-21T19:14:41.839+05:30  INFO 16064 --- [hackathon] [           main] c.b.hackathon.HackathonApplicationTests  : No active profile set, falling back to 1 default profile: "default"
2026-02-21T19:14:47.465+05:30  INFO 16064 --- [hackathon] [           main] o.s.b.a.e.web.EndpointLinksResolver      : Exposing 3 endpoints beneath base path '/actuator'
2026-02-21T19:14:47.699+05:30  INFO 16064 --- [hackathon] [           main] c.b.hackathon.HackathonApplicationTests  : Started HackathonApplicationTests in 6.383 seconds (process running for 8.214)
]]></system-out>
    <system-err><![CDATA[Mockito is currently self-attaching to enable the inline-mock-maker. This will no longer work in future releases of the JDK. Please add Mockito as an agent to your build as described in Mockito's documentation: https://javadoc.io/doc/org.mockito/mockito-core/latest/org.mockito/org/mockito/Mockito.html#0.3
WARNING: A Java agent has been loaded dynamically (C:\Users\Srikant\.m2\repository\net\bytebuddy\byte-buddy-agent\1.17.8\byte-buddy-agent-1.17.8.jar)
WARNING: If a serviceability tool is in use, please run with -XX:+EnableDynamicAgentLoading to hide this warning
WARNING: If a serviceability tool is not in use, please run with -Djdk.instrument.traceUsage for more information
WARNING: Dynamic loading of agents will be disallowed by default in a future release
]]></system-err>
  </testcase>
</testsuite>